2024-09-19 13:27:52.393|[34mINFO [0;39m|[32m27177[0;39m|[35m[restartedMain][0;39m|[36mc.y.y.YupaoBackendDuplicateApplication[0;39m|[33mline-55[0;39m|[32mtraceId_[0;39m|Starting YupaoBackendDuplicateApplication using Java 1.8.0_422 on 192.168.2.7 with PID 27177 (/Users/wangzhenzhou/IdeaProjects/yupi/yupao-backend-duplicate/target/classes started by wangzhenzhou in /Users/wangzhenzhou/IdeaProjects/yupi/yupao-backend-duplicate)
2024-09-19 13:27:52.394|[34mINFO [0;39m|[32m27177[0;39m|[35m[restartedMain][0;39m|[36mc.y.y.YupaoBackendDuplicateApplication[0;39m|[33mline-646[0;39m|[32mtraceId_[0;39m|The following 1 profile is active: "dev"
2024-09-19 13:27:52.419|[34mINFO [0;39m|[32m27177[0;39m|[35m[restartedMain][0;39m|[36mo.s.b.d.e.DevToolsPropertyDefaultsPostProcessor[0;39m|[33mline-255[0;39m|[32mtraceId_[0;39m|Devtools property defaults active! Set 'spring.devtools.add-properties' to 'false' to disable
2024-09-19 13:27:52.419|[34mINFO [0;39m|[32m27177[0;39m|[35m[restartedMain][0;39m|[36mo.s.b.d.e.DevToolsPropertyDefaultsPostProcessor[0;39m|[33mline-255[0;39m|[32mtraceId_[0;39m|For additional web related logging consider setting the 'logging.level.web' property to 'DEBUG'
2024-09-19 13:27:52.854|[34mINFO [0;39m|[32m27177[0;39m|[35m[restartedMain][0;39m|[36mo.s.d.r.c.RepositoryConfigurationDelegate[0;39m|[33mline-262[0;39m|[32mtraceId_[0;39m|Multiple Spring Data modules found, entering strict repository configuration mode!
2024-09-19 13:27:52.855|[34mINFO [0;39m|[32m27177[0;39m|[35m[restartedMain][0;39m|[36mo.s.d.r.c.RepositoryConfigurationDelegate[0;39m|[33mline-132[0;39m|[32mtraceId_[0;39m|Bootstrapping Spring Data Redis repositories in DEFAULT mode.
2024-09-19 13:27:52.870|[34mINFO [0;39m|[32m27177[0;39m|[35m[restartedMain][0;39m|[36mo.s.d.r.c.RepositoryConfigurationDelegate[0;39m|[33mline-201[0;39m|[32mtraceId_[0;39m|Finished Spring Data repository scanning in 6 ms. Found 0 Redis repository interfaces.
2024-09-19 13:27:52.948|[31mWARN [0;39m|[32m27177[0;39m|[35m[restartedMain][0;39m|[36mo.m.s.mapper.ClassPathMapperScanner[0;39m|[33mline-44[0;39m|[32mtraceId_[0;39m|Skipping MapperFactoryBean with name 'teamMapper' and 'com.yupi.yupao.mapper.TeamMapper' mapperInterface. Bean already defined with the same name!
2024-09-19 13:27:52.948|[31mWARN [0;39m|[32m27177[0;39m|[35m[restartedMain][0;39m|[36mo.m.s.mapper.ClassPathMapperScanner[0;39m|[33mline-44[0;39m|[32mtraceId_[0;39m|Skipping MapperFactoryBean with name 'userMapper' and 'com.yupi.yupao.mapper.UserMapper' mapperInterface. Bean already defined with the same name!
2024-09-19 13:27:52.948|[31mWARN [0;39m|[32m27177[0;39m|[35m[restartedMain][0;39m|[36mo.m.s.mapper.ClassPathMapperScanner[0;39m|[33mline-44[0;39m|[32mtraceId_[0;39m|Skipping MapperFactoryBean with name 'userTeamMapper' and 'com.yupi.yupao.mapper.UserTeamMapper' mapperInterface. Bean already defined with the same name!
2024-09-19 13:27:52.948|[31mWARN [0;39m|[32m27177[0;39m|[35m[restartedMain][0;39m|[36mo.m.s.mapper.ClassPathMapperScanner[0;39m|[33mline-44[0;39m|[32mtraceId_[0;39m|No MyBatis mapper was found in '[com.yupi.yupao.mapper]' package. Please check your configuration.
2024-09-19 13:27:53.273|[34mINFO [0;39m|[32m27177[0;39m|[35m[restartedMain][0;39m|[36mo.s.b.w.e.tomcat.TomcatWebServer[0;39m|[33mline-108[0;39m|[32mtraceId_[0;39m|Tomcat initialized with port(s): 8080 (http)
2024-09-19 13:27:53.277|[34mINFO [0;39m|[32m27177[0;39m|[35m[restartedMain][0;39m|[36mo.a.coyote.http11.Http11NioProtocol[0;39m|[33mline-173[0;39m|[32mtraceId_[0;39m|Initializing ProtocolHandler ["http-nio-8080"]
2024-09-19 13:27:53.278|[34mINFO [0;39m|[32m27177[0;39m|[35m[restartedMain][0;39m|[36mo.a.catalina.core.StandardService[0;39m|[33mline-173[0;39m|[32mtraceId_[0;39m|Starting service [Tomcat]
2024-09-19 13:27:53.278|[34mINFO [0;39m|[32m27177[0;39m|[35m[restartedMain][0;39m|[36mo.a.catalina.core.StandardEngine[0;39m|[33mline-173[0;39m|[32mtraceId_[0;39m|Starting Servlet engine: [Apache Tomcat/9.0.58]
2024-09-19 13:27:53.308|[34mINFO [0;39m|[32m27177[0;39m|[35m[restartedMain][0;39m|[36mo.a.c.c.C.[.[localhost].[/api][0;39m|[33mline-173[0;39m|[32mtraceId_[0;39m|Initializing Spring embedded WebApplicationContext
2024-09-19 13:27:53.308|[34mINFO [0;39m|[32m27177[0;39m|[35m[restartedMain][0;39m|[36mo.s.b.w.s.c.ServletWebServerApplicationContext[0;39m|[33mline-290[0;39m|[32mtraceId_[0;39m|Root WebApplicationContext: initialization completed in 882 ms
2024-09-19 13:27:53.353|[31mWARN [0;39m|[32m27177[0;39m|[35m[restartedMain][0;39m|[36mi.n.r.d.DnsServerAddressStreamProviders[0;39m|[33mline-70[0;39m|[32mtraceId_[0;39m|Can not find io.netty.resolver.dns.macos.MacOSDnsServerAddressStreamProvider in the classpath, fallback to system defaults. This may result in incorrect DNS resolutions on MacOS.
2024-09-19 13:27:53.805|[34mINFO [0;39m|[32m27177[0;39m|[35m[restartedMain][0;39m|[36morg.redisson.Version[0;39m|[33mline-41[0;39m|[32mtraceId_[0;39m|Redisson 3.17.5
2024-09-19 13:27:53.878|[34mINFO [0;39m|[32m27177[0;39m|[35m[redisson-netty-4-8][0;39m|[36mo.r.c.p.MasterPubSubConnectionPool[0;39m|[33mline-158[0;39m|[32mtraceId_[0;39m|1 connections initialized for localhost/127.0.0.1:6379
2024-09-19 13:27:53.902|[34mINFO [0;39m|[32m27177[0;39m|[35m[redisson-netty-4-20][0;39m|[36mo.r.c.pool.MasterConnectionPool[0;39m|[33mline-158[0;39m|[32mtraceId_[0;39m|24 connections initialized for localhost/127.0.0.1:6379
2024-09-19 13:27:54.137|[34mINFO [0;39m|[32m27177[0;39m|[35m[restartedMain][0;39m|[36ms.d.s.w.WebMvcPropertySourcedRequestMappingHandlerMapping[0;39m|[33mline-69[0;39m|[32mtraceId_[0;39m|Mapped URL path [/v2/api-docs] onto method [springfox.documentation.swagger2.web.Swagger2ControllerWebMvc#getDocumentation(String, HttpServletRequest)]
2024-09-19 13:27:54.213|[31mWARN [0;39m|[32m27177[0;39m|[35m[restartedMain][0;39m|[36mo.s.b.d.a.OptionalLiveReloadServer[0;39m|[33mline-61[0;39m|[32mtraceId_[0;39m|Unable to start LiveReload server
2024-09-19 13:27:54.468|[34mINFO [0;39m|[32m27177[0;39m|[35m[restartedMain][0;39m|[36mo.a.coyote.http11.Http11NioProtocol[0;39m|[33mline-173[0;39m|[32mtraceId_[0;39m|Starting ProtocolHandler ["http-nio-8080"]
2024-09-19 13:27:54.474|[34mINFO [0;39m|[32m27177[0;39m|[35m[restartedMain][0;39m|[36mo.s.b.w.e.tomcat.TomcatWebServer[0;39m|[33mline-220[0;39m|[32mtraceId_[0;39m|Tomcat started on port(s): 8080 (http) with context path '/api'
2024-09-19 13:27:54.475|[34mINFO [0;39m|[32m27177[0;39m|[35m[restartedMain][0;39m|[36ms.d.s.w.p.DocumentationPluginsBootstrapper[0;39m|[33mline-93[0;39m|[32mtraceId_[0;39m|Documentation plugins bootstrapped
2024-09-19 13:27:54.546|[34mINFO [0;39m|[32m27177[0;39m|[35m[restartedMain][0;39m|[36ms.d.s.w.p.DocumentationPluginsBootstrapper[0;39m|[33mline-79[0;39m|[32mtraceId_[0;39m|Found 1 custom documentation plugin(s)
2024-09-19 13:27:54.562|[34mINFO [0;39m|[32m27177[0;39m|[35m[restartedMain][0;39m|[36ms.d.s.w.s.ApiListingReferenceScanner[0;39m|[33mline-44[0;39m|[32mtraceId_[0;39m|Scanning for api listing references
2024-09-19 13:27:55.225|[34mINFO [0;39m|[32m27177[0;39m|[35m[restartedMain][0;39m|[36mo.s.s.a.ScheduledAnnotationBeanPostProcessor[0;39m|[33mline-315[0;39m|[32mtraceId_[0;39m|No TaskScheduler/ScheduledExecutorService bean found for scheduled processing
2024-09-19 13:27:55.234|[34mINFO [0;39m|[32m27177[0;39m|[35m[restartedMain][0;39m|[36mc.y.y.YupaoBackendDuplicateApplication[0;39m|[33mline-61[0;39m|[32mtraceId_[0;39m|Started YupaoBackendDuplicateApplication in 3.034 seconds (JVM running for 3.427)
2024-09-19 13:27:57.098|[34mINFO [0;39m|[32m27177[0;39m|[35m[http-nio-8080-exec-1][0;39m|[36mo.a.c.c.C.[.[localhost].[/api][0;39m|[33mline-173[0;39m|[32mtraceId_[0;39m|Initializing Spring DispatcherServlet 'dispatcherServlet'
2024-09-19 13:27:57.098|[34mINFO [0;39m|[32m27177[0;39m|[35m[http-nio-8080-exec-1][0;39m|[36mo.s.web.servlet.DispatcherServlet[0;39m|[33mline-525[0;39m|[32mtraceId_[0;39m|Initializing Servlet 'dispatcherServlet'
2024-09-19 13:27:57.099|[34mINFO [0;39m|[32m27177[0;39m|[35m[http-nio-8080-exec-1][0;39m|[36mo.s.web.servlet.DispatcherServlet[0;39m|[33mline-547[0;39m|[32mtraceId_[0;39m|Completed initialization in 1 ms
